<?xml version="1.0" encoding="UTF-8"?>
<!-- Generated by org.testng.reporters.JUnitReportReporter -->
<testsuite hostname="DESKTOP-UN3FCS9" failures="0" tests="1" name="tests.LoginTest" time="131.236" errors="0" timestamp="2023-05-07T14:46:11 CEST" skipped="0">
  <testcase classname="tests.LoginTest" name="loginTest" time="131.236"/>
  <system-out/>
</testsuite> <!-- tests.LoginTest -->
